<?xml version="1.0" encoding="UTF-8"?>
<!-- Generated by org.testng.reporters.JUnitXMLReporter -->
<testsuite hostname="DESKTOP-C3G78CP" ignored="0" name="Default test" tests="1" failures="1" timestamp="12 Apr 2020 11:01:18 GMT" time="19.082" errors="0">
  <testcase name="contact_us1" time="8.628" classname="testcase.contact_us_testpage">
    <failure type="org.openqa.selenium.ElementClickInterceptedException" message="element click intercepted: Element &amp;lt;button class=&amp;quot;white_btn&amp;quot; type=&amp;quot;submit&amp;quot; id=&amp;quot;bt_contactUS&amp;quot;&amp;gt;...&amp;lt;/button&amp;gt; is not clickable at point (68, 594). Other element would receive the click: &amp;lt;iframe ng-non-bindable=&amp;quot;&amp;quot; frameborder=&amp;quot;0&amp;quot; hspace=&amp;quot;0&amp;quot; marginheight=&amp;quot;0&amp;quot; marginwidth=&amp;quot;0&amp;quot; scrolling=&amp;quot;no&amp;quot; style=&amp;quot;position: static; top: 0px; width: 165px; margin: 0px; border-style: none; display: block; left: 0px; visibility: visible; height: 54px;&amp;quot; tabindex=&amp;quot;0&amp;quot; vspace=&amp;quot;0&amp;quot; width=&amp;quot;100%&amp;quot; id=&amp;quot;I0_1586689272657&amp;quot; name=&amp;quot;I0_1586689272657&amp;quot; src=&amp;quot;https://www.google.com/shopping/customerreviews/badge?usegapi=1&amp;amp;amp;merchant_id=6382159&amp;amp;amp;position=BOTTOM_LEFT&amp;amp;amp;origin=https%3A%2F%2Fwww.diamondsfactory.co.uk&amp;amp;amp;gsrc=3p&amp;amp;amp;jsh=m%3B%2F_%2Fscs%2Fapps-static%2F_%2Fjs%2Fk%3Doz.gapi.en_US.ebk8EhJxLu4.O%2Fam%3DwQE%2Fd%3D1%2Fct%3Dzgms%2Frs%3DAGLTcCP6GuLd1aTsaaFO6Zp_Rjnyu1Wv5g%2Fm%3D__features__#_methods=onPlusOne%2C_ready%2C_close%2C_open%2C_resizeMe%2C_renderstart%2Concircled%2Cdrefresh%2Cerefresh&amp;amp;amp;id=I0_1586689272657&amp;amp;amp;_gfid=I0_1586689272657&amp;amp;amp;parent=https%3A%2F%2Fwww.diamondsfactory.co.uk&amp;amp;amp;pfname=&amp;amp;amp;rpctoken=42487664&amp;quot; data-gapiattached=&amp;quot;true&amp;quot;&amp;gt;&amp;lt;/iframe&amp;gt;
  (Session info: chrome=80.0.3987.163)
Build info: version: &amp;apos;3.13.0&amp;apos;, revision: &amp;apos;2f0d292&amp;apos;, time: &amp;apos;2018-06-25T15:32:19.891Z&amp;apos;
System info: host: &amp;apos;DESKTOP-C3G78CP&amp;apos;, ip: &amp;apos;192.168.56.1&amp;apos;, os.name: &amp;apos;Windows 10&amp;apos;, os.arch: &amp;apos;amd64&amp;apos;, os.version: &amp;apos;10.0&amp;apos;, java.version: &amp;apos;1.8.0_241&amp;apos;
Driver info: org.openqa.selenium.chrome.ChromeDriver
Capabilities {acceptInsecureCerts: false, browserName: chrome, browserVersion: 80.0.3987.163, chrome: {chromedriverVersion: 80.0.3987.106 (f68069574609..., userDataDir: C:\Users\Sagar\AppData\Loca...}, goog:chromeOptions: {debuggerAddress: localhost:52990}, javascriptEnabled: true, networkConnectionEnabled: false, pageLoadStrategy: normal, platform: WINDOWS, platformName: WINDOWS, proxy: Proxy(), setWindowRect: true, strictFileInteractability: false, timeouts: {implicit: 0, pageLoad: 300000, script: 30000}, unhandledPromptBehavior: dismiss and notify}
Session ID: 20719beba5f3ab816db5d518d359b3d0">
      <![CDATA[org.openqa.selenium.ElementClickInterceptedException: element click intercepted: Element <button class="white_btn" type="submit" id="bt_contactUS">...</button> is not clickable at point (68, 594). Other element would receive the click: <iframe ng-non-bindable="" frameborder="0" hspace="0" marginheight="0" marginwidth="0" scrolling="no" style="position: static; top: 0px; width: 165px; margin: 0px; border-style: none; display: block; left: 0px; visibility: visible; height: 54px;" tabindex="0" vspace="0" width="100%" id="I0_1586689272657" name="I0_1586689272657" src="https://www.google.com/shopping/customerreviews/badge?usegapi=1&amp;merchant_id=6382159&amp;position=BOTTOM_LEFT&amp;origin=https%3A%2F%2Fwww.diamondsfactory.co.uk&amp;gsrc=3p&amp;jsh=m%3B%2F_%2Fscs%2Fapps-static%2F_%2Fjs%2Fk%3Doz.gapi.en_US.ebk8EhJxLu4.O%2Fam%3DwQE%2Fd%3D1%2Fct%3Dzgms%2Frs%3DAGLTcCP6GuLd1aTsaaFO6Zp_Rjnyu1Wv5g%2Fm%3D__features__#_methods=onPlusOne%2C_ready%2C_close%2C_open%2C_resizeMe%2C_renderstart%2Concircled%2Cdrefresh%2Cerefresh&amp;id=I0_1586689272657&amp;_gfid=I0_1586689272657&amp;parent=https%3A%2F%2Fwww.diamondsfactory.co.uk&amp;pfname=&amp;rpctoken=42487664" data-gapiattached="true"></iframe>
  (Session info: chrome=80.0.3987.163)
Build info: version: '3.13.0', revision: '2f0d292', time: '2018-06-25T15:32:19.891Z'
System info: host: 'DESKTOP-C3G78CP', ip: '192.168.56.1', os.name: 'Windows 10', os.arch: 'amd64', os.version: '10.0', java.version: '1.8.0_241'
Driver info: org.openqa.selenium.chrome.ChromeDriver
Capabilities {acceptInsecureCerts: false, browserName: chrome, browserVersion: 80.0.3987.163, chrome: {chromedriverVersion: 80.0.3987.106 (f68069574609..., userDataDir: C:\Users\Sagar\AppData\Loca...}, goog:chromeOptions: {debuggerAddress: localhost:52990}, javascriptEnabled: true, networkConnectionEnabled: false, pageLoadStrategy: normal, platform: WINDOWS, platformName: WINDOWS, proxy: Proxy(), setWindowRect: true, strictFileInteractability: false, timeouts: {implicit: 0, pageLoad: 300000, script: 30000}, unhandledPromptBehavior: dismiss and notify}
Session ID: 20719beba5f3ab816db5d518d359b3d0
at sun.reflect.NativeConstructorAccessorImpl.newInstance0(Native Method)
at sun.reflect.NativeConstructorAccessorImpl.newInstance(Unknown Source)
at sun.reflect.DelegatingConstructorAccessorImpl.newInstance(Unknown Source)
at java.lang.reflect.Constructor.newInstance(Unknown Source)
at org.openqa.selenium.remote.http.W3CHttpResponseCodec.createException(W3CHttpResponseCodec.java:187)
at org.openqa.selenium.remote.http.W3CHttpResponseCodec.decode(W3CHttpResponseCodec.java:122)
at org.openqa.selenium.remote.http.W3CHttpResponseCodec.decode(W3CHttpResponseCodec.java:49)
at org.openqa.selenium.remote.HttpCommandExecutor.execute(HttpCommandExecutor.java:158)
at org.openqa.selenium.remote.service.DriverCommandExecutor.execute(DriverCommandExecutor.java:83)
at org.openqa.selenium.remote.RemoteWebDriver.execute(RemoteWebDriver.java:548)
at org.openqa.selenium.remote.RemoteWebElement.execute(RemoteWebElement.java:276)
at org.openqa.selenium.remote.RemoteWebElement.click(RemoteWebElement.java:83)
at sun.reflect.NativeMethodAccessorImpl.invoke0(Native Method)
at sun.reflect.NativeMethodAccessorImpl.invoke(Unknown Source)
at sun.reflect.DelegatingMethodAccessorImpl.invoke(Unknown Source)
at java.lang.reflect.Method.invoke(Unknown Source)
at org.openqa.selenium.support.pagefactory.internal.LocatingElementHandler.invoke(LocatingElementHandler.java:51)
at com.sun.proxy.$Proxy10.click(Unknown Source)
at com.qa.df.informationpages.Contact_us_info.contact_us(Contact_us_info.java:52)
at testcase.contact_us_testpage.contact_us1(contact_us_testpage.java:42)
at sun.reflect.NativeMethodAccessorImpl.invoke0(Native Method)
at sun.reflect.NativeMethodAccessorImpl.invoke(Unknown Source)
at sun.reflect.DelegatingMethodAccessorImpl.invoke(Unknown Source)
at java.lang.reflect.Method.invoke(Unknown Source)
at org.testng.internal.MethodInvocationHelper.invokeMethod(MethodInvocationHelper.java:124)
at org.testng.internal.Invoker.invokeMethod(Invoker.java:583)
at org.testng.internal.Invoker.invokeTestMethod(Invoker.java:719)
at org.testng.internal.Invoker.invokeTestMethods(Invoker.java:989)
at org.testng.internal.TestMethodWorker.invokeTestMethods(TestMethodWorker.java:125)
at org.testng.internal.TestMethodWorker.run(TestMethodWorker.java:109)
at org.testng.TestRunner.privateRun(TestRunner.java:648)
at org.testng.TestRunner.run(TestRunner.java:505)
at org.testng.SuiteRunner.runTest(SuiteRunner.java:455)
at org.testng.SuiteRunner.runSequentially(SuiteRunner.java:450)
at org.testng.SuiteRunner.privateRun(SuiteRunner.java:415)
at org.testng.SuiteRunner.run(SuiteRunner.java:364)
at org.testng.SuiteRunnerWorker.runSuite(SuiteRunnerWorker.java:52)
at org.testng.SuiteRunnerWorker.run(SuiteRunnerWorker.java:84)
at org.testng.TestNG.runSuitesSequentially(TestNG.java:1208)
at org.testng.TestNG.runSuitesLocally(TestNG.java:1137)
at org.testng.TestNG.runSuites(TestNG.java:1049)
at org.testng.TestNG.run(TestNG.java:1017)
at org.testng.remote.AbstractRemoteTestNG.run(AbstractRemoteTestNG.java:114)
at org.testng.remote.RemoteTestNG.initAndRun(RemoteTestNG.java:251)
at org.testng.remote.RemoteTestNG.main(RemoteTestNG.java:77)
]]>
    </failure>
  </testcase> <!-- contact_us1 -->
</testsuite> <!-- Default test -->
